<?xml version="1.0" encoding="UTF-8"?>
<testsuite xmlns:xsi="http://www.w3.org/2001/XMLSchema-instance" xsi:noNamespaceSchemaLocation="https://maven.apache.org/surefire/maven-surefire-plugin/xsd/surefire-test-report.xsd" version="3.0.2" name="com.groupeisi.TpGitHubActions.TpGitHubActionsApplicationTests" time="5.516" tests="1" errors="0" skipped="0" failures="0">
  <properties>
[...]
</properties>
  <testcase name="contextLoads" classname="com.groupeisi.TpGitHubActions.TpGitHubActionsApplicationTests" time="1.214">
    <system-out><![CDATA[11:11:58.131 [main] INFO org.springframework.test.context.support.AnnotationConfigContextLoaderUtils -- Could not detect default configuration classes for test class [com.groupeisi.TpGitHubActions.TpGitHubActionsApplicationTests]: TpGitHubActionsApplicationTests does not declare any static, non-private, non-final, nested classes annotated with @Configuration.
11:11:58.423 [main] INFO org.springframework.boot.test.context.SpringBootTestContextBootstrapper -- Found @SpringBootConfiguration com.groupeisi.TpGitHubActions.TpGitHubActionsApplication for test class com.groupeisi.TpGitHubActions.TpGitHubActionsApplicationTests
11:11:58.953 [main] INFO org.springframework.boot.devtools.restart.RestartApplicationListener -- Restart disabled due to context in which it is running

  .   ____          _            __ _ _
 /\\ / ___'_ __ _ _(_)_ __  __ _ \ \ \ \
( ( )\___ | '_ | '_| | '_ \/ _` | \ \ \ \
 \\/  ___)| |_)| | | | | || (_| |  ) ) ) )
  '  |____| .__|_| |_|_| |_\__, | / / / /
 =========|_|==============|___/=/_/_/_/

 :: Spring Boot ::                (v4.0.2)

2026-02-05T11:11:59.489Z  INFO 13572 --- [TpGitHubActions] [           main] c.g.T.TpGitHubActionsApplicationTests    : Starting TpGitHubActionsApplicationTests using Java 25 with PID 13572 (started by LENOVO in C:\Cours M2\Devops\Lab\TP5 GITHUB ACTIONS\TpGitHubActions)
2026-02-05T11:11:59.492Z  INFO 13572 --- [TpGitHubActions] [           main] c.g.T.TpGitHubActionsApplicationTests    : No active profile set, falling back to 1 default profile: "default"
2026-02-05T11:12:01.934Z  INFO 13572 --- [TpGitHubActions] [           main] c.g.T.TpGitHubActionsApplicationTests    : Started TpGitHubActionsApplicationTests in 3.013 seconds (process running for 6.016)
]]></system-out>
    <system-err><![CDATA[Mockito is currently self-attaching to enable the inline-mock-maker. This will no longer work in future releases of the JDK. Please add Mockito as an agent to your build as described in Mockito's documentation: https://javadoc.io/doc/org.mockito/mockito-core/latest/org.mockito/org/mockito/Mockito.html#0.3
WARNING: A Java agent has been loaded dynamically (C:\Users\LENOVO\.m2\repository\net\bytebuddy\byte-buddy-agent\1.17.8\byte-buddy-agent-1.17.8.jar)
WARNING: If a serviceability tool is in use, please run with -XX:+EnableDynamicAgentLoading to hide this warning
WARNING: If a serviceability tool is not in use, please run with -Djdk.instrument.traceUsage for more information
WARNING: Dynamic loading of agents will be disallowed by default in a future release
]]></system-err>
  </testcase>
</testsuite>